1: PREPARING DATA
2,3: RUNNING mummer AND CREATING CLUSTERS
# reading input file "Hmel_HE671360-w_promer.aaref" of length 1046350
# construct suffix tree for sequence of length 1046350
# (maximum reference length is 536870908)
# (maximum query length is 4294967295)
# process 10463 characters per dot
#....................................................................................................
# CONSTRUCTIONTIME /nfs/apps/7/arch/generic/MUMmer/3.23/bin/mummer Hmel_HE671360-w_promer.aaref 0.48
# reading input file "Hmel_HE671360-w_promer.aaqry" of length 578697
# matching query-file "Hmel_HE671360-w_promer.aaqry"
# against subject-file "Hmel_HE671360-w_promer.aaref"
# COMPLETETIME /nfs/apps/7/arch/generic/MUMmer/3.23/bin/mummer Hmel_HE671360-w_promer.aaref 0.85
# SPACE /nfs/apps/7/arch/generic/MUMmer/3.23/bin/mummer Hmel_HE671360-w_promer.aaref 1.58
4: FINISHING DATA
defined(%hash) is deprecated at /nfs/apps/7/arch/generic/MUMmer/3.23/bin/mummerplot line 884.
	(Maybe you should just omit the defined()?)
defined(%hash) is deprecated at /nfs/apps/7/arch/generic/MUMmer/3.23/bin/mummerplot line 894.
	(Maybe you should just omit the defined()?)
defined(%hash) is deprecated at /nfs/apps/7/arch/generic/MUMmer/3.23/bin/mummerplot line 981.
	(Maybe you should just omit the defined()?)
defined(%hash) is deprecated at /nfs/apps/7/arch/generic/MUMmer/3.23/bin/mummerplot line 991.
	(Maybe you should just omit the defined()?)
defined(%hash) is deprecated at /nfs/apps/7/arch/generic/MUMmer/3.23/bin/mummerplot line 1034.
	(Maybe you should just omit the defined()?)
defined(%hash) is deprecated at /nfs/apps/7/arch/generic/MUMmer/3.23/bin/mummerplot line 1044.
	(Maybe you should just omit the defined()?)
gnuplot 4.6 patchlevel 2
Writing filtered delta file Hmel_HE671360-w_promer_dotplot.filter
Reading delta file Hmel_HE671360-w_promer_dotplot.filter
Writing plot files Hmel_HE671360-w_promer_dotplot.fplot, Hmel_HE671360-w_promer_dotplot.rplot
Writing gnuplot script Hmel_HE671360-w_promer_dotplot.gp
Rendering plot Hmel_HE671360-w_promer_dotplot.ps
