1: PREPARING DATA
2,3: RUNNING mummer AND CREATING CLUSTERS
# reading input file "Hmel2_chr02.aaref" of length 12486438
# construct suffix tree for sequence of length 12486438
# (maximum reference length is 2305843009213693948)
# (maximum query length is 18446744073709551615)
# process 124864 characters per dot
#....................................................................................................
# CONSTRUCTIONTIME /nfs/tools/cluster/system/pkg/mummer/MUMmer3.23/mummer Hmel2_chr02.aaref 16.71
# reading input file "Hmel2_chr02.aaqry" of length 18089679
# matching query-file "Hmel2_chr02.aaqry"
# against subject-file "Hmel2_chr02.aaref"
# COMPLETETIME /nfs/tools/cluster/system/pkg/mummer/MUMmer3.23/mummer Hmel2_chr02.aaref 47.02
# SPACE /nfs/tools/cluster/system/pkg/mummer/MUMmer3.23/mummer Hmel2_chr02.aaref 29.65
4: FINISHING DATA
gnuplot 4.2 patchlevel 6 
Writing filtered delta file Hmel2_chr02_dotplot.filter
Reading delta file Hmel2_chr02_dotplot.filter
Writing plot files Hmel2_chr02_dotplot.fplot, Hmel2_chr02_dotplot.rplot
Writing gnuplot script Hmel2_chr02_dotplot.gp
Rendering plot Hmel2_chr02_dotplot.ps
