1: PREPARING DATA
2,3: RUNNING mummer AND CREATING CLUSTERS
# reading input file "Hmel_promer.aaref" of length 12486438
# construct suffix tree for sequence of length 12486438
# (maximum reference length is 2305843009213693948)
# (maximum query length is 18446744073709551615)
# process 124864 characters per dot
#....................................................................................................
# CONSTRUCTIONTIME /nfs/tools/cluster/system/pkg/mummer/MUMmer3.23/mummer Hmel_promer.aaref 16.22
# reading input file "Hmel_promer.aaqry" of length 30406377
# matching query-file "Hmel_promer.aaqry"
# against subject-file "Hmel_promer.aaref"
# COMPLETETIME /nfs/tools/cluster/system/pkg/mummer/MUMmer3.23/mummer Hmel_promer.aaref 67.15
# SPACE /nfs/tools/cluster/system/pkg/mummer/MUMmer3.23/mummer Hmel_promer.aaref 41.59
4: FINISHING DATA
gnuplot 4.2 patchlevel 6 
Writing filtered delta file Hmel_promer_dotplot.filter
Reading delta file Hmel_promer_dotplot.filter
Writing plot files Hmel_promer_dotplot.fplot, Hmel_promer_dotplot.rplot
Writing gnuplot script Hmel_promer_dotplot.gp
Rendering plot Hmel_promer_dotplot.ps
