1: PREPARING DATA
2,3: RUNNING mummer AND CREATING CLUSTERS
# reading input file "Mcinx_chr01.aaref" of length 12486438
# construct suffix tree for sequence of length 12486438
# (maximum reference length is 2305843009213693948)
# (maximum query length is 18446744073709551615)
# process 124864 characters per dot
#....................................................................................................
# CONSTRUCTIONTIME /nfs/tools/cluster/system/pkg/mummer/MUMmer3.23/mummer Mcinx_chr01.aaref 16.38
# reading input file "Mcinx_chr01.aaqry" of length 28357693
# matching query-file "Mcinx_chr01.aaqry"
# against subject-file "Mcinx_chr01.aaref"
# COMPLETETIME /nfs/tools/cluster/system/pkg/mummer/MUMmer3.23/mummer Mcinx_chr01.aaref 61.64
# SPACE /nfs/tools/cluster/system/pkg/mummer/MUMmer3.23/mummer Mcinx_chr01.aaref 39.61
4: FINISHING DATA
gnuplot 4.2 patchlevel 6 
Writing filtered delta file Mcinx_chr01_dotplot.filter
Reading delta file Mcinx_chr01_dotplot.filter
Writing plot files Mcinx_chr01_dotplot.fplot, Mcinx_chr01_dotplot.rplot
Writing gnuplot script Mcinx_chr01_dotplot.gp
Rendering plot Mcinx_chr01_dotplot.ps
