1: PREPARING DATA
2,3: RUNNING mummer AND CREATING CLUSTERS
# reading input file "Mcinx_chr21.aaref" of length 12486438
# construct suffix tree for sequence of length 12486438
# (maximum reference length is 2305843009213693948)
# (maximum query length is 18446744073709551615)
# process 124864 characters per dot
#....................................................................................................
# CONSTRUCTIONTIME /nfs/tools/cluster/system/pkg/mummer/MUMmer3.23/mummer Mcinx_chr21.aaref 15.47
# reading input file "Mcinx_chr21.aaqry" of length 16900045
# matching query-file "Mcinx_chr21.aaqry"
# against subject-file "Mcinx_chr21.aaref"
# COMPLETETIME /nfs/tools/cluster/system/pkg/mummer/MUMmer3.23/mummer Mcinx_chr21.aaref 41.28
# SPACE /nfs/tools/cluster/system/pkg/mummer/MUMmer3.23/mummer Mcinx_chr21.aaref 28.50
4: FINISHING DATA
gnuplot 4.2 patchlevel 6 
Writing filtered delta file Mcinx_chr21_dotplot.filter
Reading delta file Mcinx_chr21_dotplot.filter
Writing plot files Mcinx_chr21_dotplot.fplot, Mcinx_chr21_dotplot.rplot
Writing gnuplot script Mcinx_chr21_dotplot.gp
Rendering plot Mcinx_chr21_dotplot.ps
